<?xml version="1.0" encoding="UTF-8"?>
<!-- Generated by org.testng.reporters.JUnitXMLReporter -->
<testsuite hostname="DESKTOP-CJ18TJS" ignored="0" name="Default test" tests="3" failures="0" timestamp="19 Apr 2020 19:09:44 GMT" time="5.392" errors="0">
  <testcase name="Test_02" time="3.712" classname="APIAutomation.com.org.appliedselenium.WeatherGetParam"/>
  <testcase name="Test_03" time="1.232" classname="APIAutomation.com.org.appliedselenium.WeatherGetParam"/>
  <testcase name="Test_04" time="0.392" classname="APIAutomation.com.org.appliedselenium.WeatherGetParam"/>
</testsuite> <!-- Default test -->
