<?xml version="1.0" encoding="UTF-8"?>
<!-- Generated by org.testng.reporters.JUnitXMLReporter -->
<testsuite hostname="DESKTOP-CJ18TJS" ignored="3" name="Test Rest API" tests="1" failures="0" timestamp="19 Apr 2020 19:43:22 GMT" time="4.079" errors="0">
  <testcase name="Test_05" time="4.041" classname="APIAutomation.com.org.appliedselenium.WeatherGetParam"/>
  <testcase name="Test_02" time="0.0" classname="APIAutomation.com.org.appliedselenium.WeatherGetParam">
    <ignored/>
  </testcase> <!-- Test_02 -->
  <testcase name="Test_03" time="0.0" classname="APIAutomation.com.org.appliedselenium.WeatherGetParam">
    <ignored/>
  </testcase> <!-- Test_03 -->
  <testcase name="Test_04" time="0.0" classname="APIAutomation.com.org.appliedselenium.WeatherGetParam">
    <ignored/>
  </testcase> <!-- Test_04 -->
</testsuite> <!-- Test Rest API -->
